[2021-12-14 08:57:38.757885] [0x00007fa59dfd57c0] [info] Initializing free5GRAN
[2021-12-14 08:57:38.758072] [0x00007fa59dfd57c0] [info] CELL SEARCH
[2021-12-14 08:57:38.758103] [0x00007fa59dfd57c0] [trace] Band n78
[2021-12-14 08:57:38.758137] [0x00007fa59dfd57c0] [trace] Bandwidth informations are: 
[2021-12-14 08:57:38.758149] [0x00007fa59dfd57c0] [trace] SCS: 30000
[2021-12-14 08:57:44.459439] [0x00007fa596ffd700] [trace] Extracting PBCH
[2021-12-14 08:57:45.677165] [0x00007fa596ffd700] [trace] PSS synchronization downsampling factor: 8
[2021-12-14 08:57:47.876805] [0x00007fa596ffd700] [trace] Extracting PBCH
[2021-12-14 08:57:49.121119] [0x00007fa596ffd700] [trace] PSS synchronization downsampling factor: 8
[2021-12-14 08:57:49.215497] [0x00007fa596ffd700] [trace] ## n0: 16
[2021-12-14 08:57:49.215539] [0x00007fa596ffd700] [trace] ## ODD/EVEN ?: 0
[2021-12-14 08:57:49.429224] [0x00007fa596ffd700] [trace] ## FREQ DIFF 1: 720000.000000
[2021-12-14 08:57:49.429279] [0x00007fa596ffd700] [trace] ## FREQ DIFF K SSB: -180000.000000
[2021-12-14 08:57:49.431054] [0x00007fa596ffd700] [trace] ## CCE0: REG6
[2021-12-14 08:57:49.431143] [0x00007fa596ffd700] [trace] ## CCE1: REG2
[2021-12-14 08:57:49.431151] [0x00007fa596ffd700] [trace] ## CCE2: REG7
[2021-12-14 08:57:49.431158] [0x00007fa596ffd700] [trace] ## CCE3: REG3
[2021-12-14 08:57:49.431165] [0x00007fa596ffd700] [trace] ## CCE4: REG0
[2021-12-14 08:57:49.431172] [0x00007fa596ffd700] [trace] ## CCE5: REG4
[2021-12-14 08:57:49.431180] [0x00007fa596ffd700] [trace] ## CCE6: REG1
[2021-12-14 08:57:49.431187] [0x00007fa596ffd700] [trace] ## CCE7: REG5
[2021-12-14 08:57:49.431205] [0x00007fa596ffd700] [trace] ### PDCCH BLIND SEARCH
[2021-12-14 08:57:49.431220] [0x00007fa596ffd700] [trace] ## MONITORING SLOT: 0
[2021-12-14 08:57:49.431229] [0x00007fa596ffd700] [trace] PERFORMING FFT
[2021-12-14 08:57:49.431237] [0x00007fa596ffd700] [trace] FFT SIZE: 1024
[2021-12-14 08:57:49.431245] [0x00007fa596ffd700] [trace] NUM SLOTS PER FRAME: 20
[2021-12-14 08:57:49.435135] [0x00007fa596ffd700] [trace] ## AGGREGATION LEVEL4
[2021-12-14 08:57:49.435170] [0x00007fa596ffd700] [trace] ## CANDIDATE 0
[2021-12-14 08:57:49.435803] [0x00007fa596ffd700] [trace] (n, N) = (9, 512)
[2021-12-14 08:57:49.435876] [0x00007fa596ffd700] [trace] E = 432
[2021-12-14 08:57:49.435884] [0x00007fa596ffd700] [trace] K = 63
[2021-12-14 08:57:49.436957] [0x00007fa596ffd700] [trace] ## CRC not validated
[2021-12-14 08:57:49.436988] [0x00007fa596ffd700] [trace] ## CANDIDATE 1
[2021-12-14 08:57:49.437621] [0x00007fa596ffd700] [trace] (n, N) = (9, 512)
[2021-12-14 08:57:49.437637] [0x00007fa596ffd700] [trace] E = 432
[2021-12-14 08:57:49.437643] [0x00007fa596ffd700] [trace] K = 63
[2021-12-14 08:57:49.438993] [0x00007fa596ffd700] [trace] ## CRC not validated
[2021-12-14 08:57:49.439081] [0x00007fa596ffd700] [trace] ## AGGREGATION LEVEL8
[2021-12-14 08:57:49.439092] [0x00007fa596ffd700] [trace] ## CANDIDATE 0
[2021-12-14 08:57:49.440757] [0x00007fa596ffd700] [trace] (n, N) = (9, 512)
[2021-12-14 08:57:49.440795] [0x00007fa596ffd700] [trace] E = 864
[2021-12-14 08:57:49.440803] [0x00007fa596ffd700] [trace] K = 63
[2021-12-14 08:57:49.442731] [0x00007fa596ffd700] [trace] ## CRC validated
[2021-12-14 08:57:49.446956] [0x00007fa596ffd700] [trace] #### DECODING PDSCH
[2021-12-14 08:57:49.447008] [0x00007fa596ffd700] [trace] ## Frequency domain RA: RB Start 0 and LRB 44
[2021-12-14 08:57:49.447058] [0x00007fa596ffd700] [trace] ## Time domain RA: K0 0, S 1 and L 13 (mapping type A)
[2021-12-14 08:57:49.447074] [0x00007fa596ffd700] [trace] ## MCS: Order 2 and code rate 120
[2021-12-14 08:57:49.447083] [0x00007fa596ffd700] [trace] ## Slot number 16
[2021-12-14 08:57:49.449202] [0x00007fa596ffd700] [trace] PHASE DECOMP -0
[2021-12-14 08:57:49.464942] [0x00007fa596ffd700] [trace] (TBS, graph) = 1256, 2
[2021-12-14 08:57:49.464974] [0x00007fa596ffd700] [trace] B = 1272
[2021-12-14 08:57:49.464979] [0x00007fa596ffd700] [trace] Zc = 128
[2021-12-14 08:57:49.464984] [0x00007fa596ffd700] [trace] K = 1280
[2021-12-14 08:57:49.464989] [0x00007fa596ffd700] [trace] i_ls = 0
[2021-12-14 08:57:49.464994] [0x00007fa596ffd700] [trace] L = 16
[2021-12-14 08:57:49.464999] [0x00007fa596ffd700] [trace] C = 1
[2021-12-14 08:57:49.465003] [0x00007fa596ffd700] [trace] N = 6400
[2021-12-14 08:57:49.465008] [0x00007fa596ffd700] [trace] L_cb = 0
[2021-12-14 08:57:49.465013] [0x00007fa596ffd700] [trace] K_p = 1272
[2021-12-14 08:57:49.465018] [0x00007fa596ffd700] [trace] E = 10560
[2021-12-14 08:57:49.503087] [0x00007fa596ffd700] [trace] LDPC VALIDATED
[2021-12-14 08:57:49.504482] [0x00007fa596ffd700] [trace] ## LDPC execution time 27.1855ms
[2021-12-14 08:57:49.505187] [0x00007fa596ffd700] [trace] ## CRC validated
[2021-12-14 08:57:49.505309] [0x00007fa596ffd700] [trace] SIB1 parsing succeeded
